This is pdfTeX, Version 3.14159265-2.6-1.40.21 (MiKTeX 20.6.29) (preloaded format=pdflatex 2020.9.8)  11 DEC 2020 23:51
entering extended mode
**/home/sean/Documents/project/Senior/project_paper.tex
(/home/sean/Documents/project/Senior/project_paper.tex
LaTeX2e <2020-02-02> patch level 5
L3 programming layer <2020-09-03> (/home/sean/.miktex/texmfs/install/tex/latex/base/article.cls
Document Class: article 2019/12/20 v1.4l Standard LaTeX document class
(/home/sean/.miktex/texmfs/install/tex/latex/base/size12.clo
File: size12.clo 2019/12/20 v1.4l Standard LaTeX file (size option)
)
\c@part=\count168
\c@section=\count169
\c@subsection=\count170
\c@subsubsection=\count171
\c@paragraph=\count172
\c@subparagraph=\count173
\c@figure=\count174
\c@table=\count175
\abovecaptionskip=\skip47
\belowcaptionskip=\skip48
\bibindent=\dimen134
) (/home/sean/.miktex/texmfs/install/tex/latex/base/inputenc.sty
Package: inputenc 2018/08/11 v1.3c Input encoding file
\inpenc@prehook=\toks15
\inpenc@posthook=\toks16
) (/home/sean/.miktex/texmfs/install/tex/latex/amsmath/amsmath.sty
Package: amsmath 2020/01/20 v2.17e AMS math features
\@mathmargin=\skip49

For additional information on amsmath, use the `?' option.
(/home/sean/.miktex/texmfs/install/tex/latex/amsmath/amstext.sty
Package: amstext 2000/06/29 v2.01 AMS text
 (/home/sean/.miktex/texmfs/install/tex/latex/amsmath/amsgen.sty
File: amsgen.sty 1999/11/30 v2.0 generic functions
\@emptytoks=\toks17
\ex@=\dimen135
)) (/home/sean/.miktex/texmfs/install/tex/latex/amsmath/amsbsy.sty
Package: amsbsy 1999/11/29 v1.2d Bold Symbols
\pmbraise@=\dimen136
) (/home/sean/.miktex/texmfs/install/tex/latex/amsmath/amsopn.sty
Package: amsopn 2016/03/08 v2.02 operator names
)
\inf@bad=\count176
LaTeX Info: Redefining \frac on input line 227.
\uproot@=\count177
\leftroot@=\count178
LaTeX Info: Redefining \overline on input line 389.
\classnum@=\count179
\DOTSCASE@=\count180
LaTeX Info: Redefining \ldots on input line 486.
LaTeX Info: Redefining \dots on input line 489.
LaTeX Info: Redefining \cdots on input line 610.
\Mathstrutbox@=\box45
\strutbox@=\box46
\big@size=\dimen137
LaTeX Font Info:    Redeclaring font encoding OML on input line 733.
LaTeX Font Info:    Redeclaring font encoding OMS on input line 734.
\macc@depth=\count181
\c@MaxMatrixCols=\count182
\dotsspace@=\muskip16
\c@parentequation=\count183
\dspbrk@lvl=\count184
\tag@help=\toks18
\row@=\count185
\column@=\count186
\maxfields@=\count187
\andhelp@=\toks19
\eqnshift@=\dimen138
\alignsep@=\dimen139
\tagshift@=\dimen140
\tagwidth@=\dimen141
\totwidth@=\dimen142
\lineht@=\dimen143
\@envbody=\toks20
\multlinegap=\skip50
\multlinetaggap=\skip51
\mathdisplay@stack=\toks21
LaTeX Info: Redefining \[ on input line 2859.
LaTeX Info: Redefining \] on input line 2860.
) (/home/sean/.miktex/texmfs/install/tex/latex/graphics/graphicx.sty
Package: graphicx 2019/11/30 v1.2a Enhanced LaTeX Graphics (DPC,SPQR)
 (/home/sean/.miktex/texmfs/install/tex/latex/graphics/keyval.sty
Package: keyval 2014/10/28 v1.15 key=value parser (DPC)
\KV@toks@=\toks22
) (/home/sean/.miktex/texmfs/install/tex/latex/graphics/graphics.sty
Package: graphics 2019/11/30 v1.4a Standard LaTeX Graphics (DPC,SPQR)
 (/home/sean/.miktex/texmfs/install/tex/latex/graphics/trig.sty
Package: trig 2016/01/03 v1.10 sin cos tan (DPC)
) (/home/sean/.miktex/texmfs/install/tex/latex/graphics-cfg/graphics.cfg
File: graphics.cfg 2016/06/04 v1.11 sample graphics configuration
)
Package graphics Info: Driver file: pdftex.def on input line 105.
 (/home/sean/.miktex/texmfs/install/tex/latex/graphics-def/pdftex.def
File: pdftex.def 2020/08/26 v1.2 Graphics/color driver for pdftex
))
\Gin@req@height=\dimen144
\Gin@req@width=\dimen145
) (/home/sean/.miktex/texmfs/install/tex/latex/tools/bm.sty
Package: bm 2019/07/24 v1.2d Bold Symbol Support (DPC/FMi)
\symboldoperators=\mathgroup4
\symboldletters=\mathgroup5
\symboldsymbols=\mathgroup6
LaTeX Font Info:    Redeclaring math alphabet \mathbf on input line 141.
LaTeX Info: Redefining \bm on input line 209.
) (/home/sean/.miktex/texmfs/install/tex/latex/wrapfig/wrapfig.sty
\wrapoverhang=\dimen146
\WF@size=\dimen147
\c@WF@wrappedlines=\count188
\WF@box=\box47
\WF@everypar=\toks23
Package: wrapfig 2003/01/31  v 3.6
) (/home/sean/.miktex/texmfs/install/tex/latex/mdwtools/footnote.sty
Package: footnote 1997/01/28 1.13 Save footnotes around boxes
\fn@notes=\box48
\fn@width=\dimen148
) (/home/sean/.miktex/texmfs/install/tex/latex/hyperref/hyperref.sty
Package: hyperref 2020-05-15 v7.00e Hypertext links for LaTeX
 (/home/sean/.miktex/texmfs/install/tex/generic/ltxcmds/ltxcmds.sty
Package: ltxcmds 2019/12/15 v1.24 LaTeX kernel commands for general use (HO)
) (/home/sean/.miktex/texmfs/install/tex/generic/iftex/iftex.sty
Package: iftex 2020/03/06 v1.0d TeX engine tests
) (/home/sean/.miktex/texmfs/install/tex/generic/pdftexcmds/pdftexcmds.sty
Package: pdftexcmds 2020-06-27 v0.33 Utility functions of pdfTeX for LuaTeX (HO)
 (/home/sean/.miktex/texmfs/install/tex/generic/infwarerr/infwarerr.sty
Package: infwarerr 2019/12/03 v1.5 Providing info/warning/error messages (HO)
)
Package pdftexcmds Info: \pdf@primitive is available.
Package pdftexcmds Info: \pdf@ifprimitive is available.
Package pdftexcmds Info: \pdfdraftmode found.
) (/home/sean/.miktex/texmfs/install/tex/generic/kvsetkeys/kvsetkeys.sty
Package: kvsetkeys 2019/12/15 v1.18 Key value parser (HO)
) (/home/sean/.miktex/texmfs/install/tex/generic/kvdefinekeys/kvdefinekeys.sty
Package: kvdefinekeys 2019-12-19 v1.6 Define keys (HO)
) (/home/sean/.miktex/texmfs/install/tex/generic/pdfescape/pdfescape.sty
Package: pdfescape 2019/12/09 v1.15 Implements pdfTeX's escape features (HO)
) (/home/sean/.miktex/texmfs/install/tex/latex/hycolor/hycolor.sty
Package: hycolor 2020-01-27 v1.10 Color options for hyperref/bookmark (HO)
) (/home/sean/.miktex/texmfs/install/tex/latex/letltxmacro/letltxmacro.sty
Package: letltxmacro 2019/12/03 v1.6 Let assignment for LaTeX macros (HO)
) (/home/sean/.miktex/texmfs/install/tex/latex/auxhook/auxhook.sty
Package: auxhook 2019-12-17 v1.6 Hooks for auxiliary files (HO)
) (/home/sean/.miktex/texmfs/install/tex/latex/kvoptions/kvoptions.sty
Package: kvoptions 2019/11/29 v3.13 Key value format for package options (HO)
)
\@linkdim=\dimen149
\Hy@linkcounter=\count189
\Hy@pagecounter=\count190
 (/home/sean/.miktex/texmfs/install/tex/latex/hyperref/pd1enc.def
File: pd1enc.def 2020-05-15 v7.00e Hyperref: PDFDocEncoding definition (HO)
Now handling font encoding PD1 ...
... no UTF-8 mapping file for font encoding PD1
) (/home/sean/.miktex/texmfs/install/tex/generic/intcalc/intcalc.sty
Package: intcalc 2019/12/15 v1.3 Expandable calculations with integers (HO)
) (/home/sean/.miktex/texmfs/install/tex/generic/etexcmds/etexcmds.sty
Package: etexcmds 2019/12/15 v1.7 Avoid name clashes with e-TeX commands (HO)
)
\Hy@SavedSpaceFactor=\count191
Package hyperref Info: Hyper figures OFF on input line 4464.
Package hyperref Info: Link nesting OFF on input line 4469.
Package hyperref Info: Hyper index ON on input line 4472.
Package hyperref Info: Plain pages OFF on input line 4479.
Package hyperref Info: Backreferencing OFF on input line 4484.
Package hyperref Info: Implicit mode ON; LaTeX internals redefined.
Package hyperref Info: Bookmarks ON on input line 4717.
\c@Hy@tempcnt=\count192
 (/home/sean/.miktex/texmfs/install/tex/latex/url/url.sty
\Urlmuskip=\muskip17
Package: url 2013/09/16  ver 3.4  Verb mode for urls, etc.
)
LaTeX Info: Redefining \url on input line 5076.
\XeTeXLinkMargin=\dimen150
 (/home/sean/.miktex/texmfs/install/tex/generic/bitset/bitset.sty
Package: bitset 2019/12/09 v1.3 Handle bit-vector datatype (HO)
 (/home/sean/.miktex/texmfs/install/tex/generic/bigintcalc/bigintcalc.sty
Package: bigintcalc 2019/12/15 v1.5 Expandable calculations on big integers (HO)
))
\Fld@menulength=\count193
\Field@Width=\dimen151
\Fld@charsize=\dimen152
Package hyperref Info: Hyper figures OFF on input line 6347.
Package hyperref Info: Link nesting OFF on input line 6352.
Package hyperref Info: Hyper index ON on input line 6355.
Package hyperref Info: backreferencing OFF on input line 6362.
Package hyperref Info: Link coloring OFF on input line 6367.
Package hyperref Info: Link coloring with OCG OFF on input line 6372.
Package hyperref Info: PDF/A mode OFF on input line 6377.
LaTeX Info: Redefining \ref on input line 6417.
LaTeX Info: Redefining \pageref on input line 6421.
 (/home/sean/.miktex/texmfs/install/tex/generic/atbegshi/atbegshi.sty
Package: atbegshi 2019/12/05 v1.19 At begin shipout hook (HO)
)
\Hy@abspage=\count194
\c@Item=\count195
\c@Hfootnote=\count196
)
Package hyperref Info: Driver (autodetected): hpdftex.
 (/home/sean/.miktex/texmfs/install/tex/latex/hyperref/hpdftex.def
File: hpdftex.def 2020-05-15 v7.00e Hyperref driver for pdfTeX
 (/home/sean/.miktex/texmfs/install/tex/latex/atveryend/atveryend.sty
Package: atveryend 2019-12-11 v1.11 Hooks at the very end of document (HO)
Package atveryend Info: \enddocument detected (standard20110627).
)
\Fld@listcount=\count197
\c@bookmark@seq@number=\count198
 (/home/sean/.miktex/texmfs/install/tex/latex/rerunfilecheck/rerunfilecheck.sty
Package: rerunfilecheck 2019/12/05 v1.9 Rerun checks for auxiliary files (HO)
 (/home/sean/.miktex/texmfs/install/tex/generic/uniquecounter/uniquecounter.sty
Package: uniquecounter 2019/12/15 v1.4 Provide unlimited unique counter (HO)
)
Package uniquecounter Info: New unique counter `rerunfilecheck' on input line 286.
)
\Hy@SectionHShift=\skip52
) (/home/sean/.miktex/texmfs/install/tex/latex/l3backend/l3backend-pdftex.def
File: l3backend-pdftex.def 2020-09-01 L3 backend support: PDF output (pdfTeX)
\l__kernel_color_stack_int=\count199
\l__pdf_internal_box=\box49
) (/home/sean/Documents/project/Senior/project_paper.aux

LaTeX Warning: Label `table:nonlin' multiply defined.

)
\openout1 = `project_paper.aux'.

LaTeX Font Info:    Checking defaults for OML/cmm/m/it on input line 22.
LaTeX Font Info:    ... okay on input line 22.
LaTeX Font Info:    Checking defaults for OMS/cmsy/m/n on input line 22.
LaTeX Font Info:    ... okay on input line 22.
LaTeX Font Info:    Checking defaults for OT1/cmr/m/n on input line 22.
LaTeX Font Info:    ... okay on input line 22.
LaTeX Font Info:    Checking defaults for T1/cmr/m/n on input line 22.
LaTeX Font Info:    ... okay on input line 22.
LaTeX Font Info:    Checking defaults for TS1/cmr/m/n on input line 22.
LaTeX Font Info:    ... okay on input line 22.
LaTeX Font Info:    Checking defaults for OMX/cmex/m/n on input line 22.
LaTeX Font Info:    ... okay on input line 22.
LaTeX Font Info:    Checking defaults for U/cmr/m/n on input line 22.
LaTeX Font Info:    ... okay on input line 22.
LaTeX Font Info:    Checking defaults for PD1/pdf/m/n on input line 22.
LaTeX Font Info:    ... okay on input line 22.
 (/home/sean/.miktex/texmfs/install/tex/context/base/mkii/supp-pdf.mkii
[Loading MPS to PDF converter (version 2006.09.02).]
\scratchcounter=\count266
\scratchdimen=\dimen153
\scratchbox=\box50
\nofMPsegments=\count267
\nofMParguments=\count268
\everyMPshowfont=\toks24
\MPscratchCnt=\count269
\MPscratchDim=\dimen154
\MPnumerator=\count270
\makeMPintoPDFobject=\count271
\everyMPtoPDFconversion=\toks25
) (/home/sean/.miktex/texmfs/install/tex/latex/epstopdf-pkg/epstopdf-base.sty
Package: epstopdf-base 2020-01-24 v2.11 Base part for package epstopdf
Package epstopdf-base Info: Redefining graphics rule for `.eps' on input line 485.
)
\AtBeginShipoutBox=\box51
Package hyperref Info: Link coloring OFF on input line 22.
 (/home/sean/.miktex/texmfs/install/tex/latex/hyperref/nameref.sty
Package: nameref 2019/09/16 v2.46 Cross-referencing by name of section
 (/home/sean/.miktex/texmfs/install/tex/latex/refcount/refcount.sty
Package: refcount 2019/12/15 v3.6 Data extraction from label references (HO)
) (/home/sean/.miktex/texmfs/install/tex/generic/gettitlestring/gettitlestring.sty
Package: gettitlestring 2019/12/15 v1.6 Cleanup title references (HO)
)
\c@section@level=\count272
)
LaTeX Info: Redefining \ref on input line 22.
LaTeX Info: Redefining \pageref on input line 22.
LaTeX Info: Redefining \nameref on input line 22.
 (/home/sean/Documents/project/Senior/project_paper.out) (/home/sean/Documents/project/Senior/project_paper.out)
\@outlinefile=\write3
\openout3 = `project_paper.out'.

<../Diagrams/house-painting.png, id=76, 727.71875pt x 741.77126pt>
File: ../Diagrams/house-painting.png Graphic file (type png)
<use ../Diagrams/house-painting.png>
Package pdftex.def Info: ../Diagrams/house-painting.png  used on input line 44.
(pdftex.def)             Requested size: 218.3173pt x 222.5331pt.
 [1

{/home/sean/.miktex/texmfs/data/pdftex/config/pdftex.map}] [2 <../Diagrams/house-painting.png>]
<../Diagrams/Rule Concat.png, id=101, 678.535pt x 472.76625pt>
File: ../Diagrams/Rule Concat.png Graphic file (type png)
<use ../Diagrams/Rule Concat.png>
Package pdftex.def Info: ../Diagrams/Rule Concat.png  used on input line 102.
(pdftex.def)             Requested size: 195.0pt x 135.86513pt.

Underfull \hbox (badness 1484) in paragraph at lines 108--110
[]\OT1/cmr/m/n/12 This approach uses the ideas
 []


Overfull \hbox (11.41064pt too wide) in paragraph at lines 111--116
\OT1/cmr/m/n/12 states gave superior results in machine translation. The concatenation approach
 []


Overfull \hbox (3.49036pt too wide) in paragraph at lines 127--131
\OT1/cmr/m/n/12 entation the training data is translated to a pivot language and then translated
 []

[3 <../Diagrams/Rule Concat.png>]
Overfull \hbox (3.99962pt too wide) in paragraph at lines 149--152
\OT1/cmr/m/n/12 training were performed using techniques discussed in Edunov et al. (2018) [[]]. 
 []

[4] [5]
Overfull \hbox (2.2741pt too wide) in paragraph at lines 227--235
\OT1/cmr/m/n/12 that are in the target sequence and $\OML/cmm/m/it/12 CHRR$ \OT1/cmr/m/n/12 is the percentage of character
 []

[6]
<../Diagrams/transformer-plots.png, id=141, 1174.3875pt x 1142.2675pt>
File: ../Diagrams/transformer-plots.png Graphic file (type png)
<use ../Diagrams/transformer-plots.png>
Package pdftex.def Info: ../Diagrams/transformer-plots.png  used on input line 293.
(pdftex.def)             Requested size: 341.4238pt x 284.5204pt.
<../Diagrams/RNN-plots.png, id=142, 1174.3875pt x 1142.2675pt>
File: ../Diagrams/RNN-plots.png Graphic file (type png)
<use ../Diagrams/RNN-plots.png>
Package pdftex.def Info: ../Diagrams/RNN-plots.png  used on input line 299.
(pdftex.def)             Requested size: 341.4238pt x 284.5204pt.
 [7] [8 <../Diagrams/transformer-plots.png>]
Overfull \hbox (3.03342pt too wide) in paragraph at lines 336--338
\OT1/cmr/m/n/12 model has significant shortcomings in repeated tokens and grammatical errors.
 []

[9 <../Diagrams/RNN-plots.png>]
Overfull \hbox (3.42508pt too wide) in paragraph at lines 371--380
[]\OT1/cmr/m/n/12 The Transformer based rule assisted model produces mostly grammatically
 []

[10]
Overfull \hbox (14.14812pt too wide) in paragraph at lines 383--389
\OT1/cmr/m/n/12 performances. An example of the model truly underperforming is the translation
 []

[11]
Overfull \hbox (3.71259pt too wide) in paragraph at lines 408--412
\OT1/cmr/m/n/12 Human reviewers were asked to look at a subset of the data from the Bahdanau
 []

[12]
<../Diagrams/GAN Generation.png, id=178, 856.19875pt x 492.84125pt>
File: ../Diagrams/GAN Generation.png Graphic file (type png)
<use ../Diagrams/GAN Generation.png>
Package pdftex.def Info: ../Diagrams/GAN Generation.png  used on input line 450.
(pdftex.def)             Requested size: 342.47343pt x 197.133pt.
 [13 <../Diagrams/GAN Generation.png>] [14] [15] (/home/sean/Documents/project/Senior/project_paper.bbl
Underfull \hbox (badness 1028) in paragraph at lines 45--50
[]\OT1/cmr/m/n/12 M. Popovic.  chrF: character n-gram F-score for automatic MT
 []

[16])
Package atveryend Info: Empty hook `BeforeClearDocument' on input line 520.
 [17]
Package atveryend Info: Empty hook `AfterLastShipout' on input line 520.
 (/home/sean/Documents/project/Senior/project_paper.aux)
Package atveryend Info: Executing hook `AtVeryEndDocument' on input line 520.
Package atveryend Info: Executing hook `AtEndAfterFileList' on input line 520.
Package rerunfilecheck Info: File `project_paper.out' has not changed.
(rerunfilecheck)             Checksum: 26AD55FB85A61107FC09686EA5DB5DDE;1160.


LaTeX Warning: There were multiply-defined labels.

Package atveryend Info: Empty hook `AtVeryVeryEnd' on input line 520.
 ) 
Here is how much of TeX's memory you used:
 6153 strings out of 483132
 93303 string characters out of 2957169
 360836 words of memory out of 3000000
 21335 multiletter control sequences out of 15000+200000
 549406 words of font info for 77 fonts, out of 3000000 for 9000
 0 hyphenation exceptions out of 8191
 43i,11n,37p,266b,430s stack positions out of 5000i,500n,10000p,200000b,50000s
 </home/sean/.miktex/texmfs/data/fonts/pk/ljfour/jknappen/ec/dpi600/tcrm1200.pk> </home/sean/.miktex/texmfs/data/fonts/pk/ljfour/jknappen/ec/dpi600/tcrm0700.pk> </home/sean/.miktex/texmfs/data/fonts/pk/ljfour/jknappen/ec/dpi600/tcrm1000.pk></home/sean/.miktex/texmfs/install/fonts/type1/public/amsfonts/cm/cmbx10.pfb></home/sean/.miktex/texmfs/install/fonts/type1/public/amsfonts/cm/cmbx12.pfb></home/sean/.miktex/texmfs/install/fonts/type1/public/amsfonts/cm/cmex10.pfb></home/sean/.miktex/texmfs/install/fonts/type1/public/amsfonts/cm/cmmi12.pfb></home/sean/.miktex/texmfs/install/fonts/type1/public/amsfonts/cm/cmmi6.pfb></home/sean/.miktex/texmfs/install/fonts/type1/public/amsfonts/cm/cmmi8.pfb></home/sean/.miktex/texmfs/install/fonts/type1/public/amsfonts/cm/cmr10.pfb></home/sean/.miktex/texmfs/install/fonts/type1/public/amsfonts/cm/cmr12.pfb></home/sean/.miktex/texmfs/install/fonts/type1/public/amsfonts/cm/cmr17.pfb></home/sean/.miktex/texmfs/install/fonts/type1/public/amsfonts/cm/cmr8.pfb></home/sean/.miktex/texmfs/install/fonts/type1/public/amsfonts/cm/cmsy10.pfb></home/sean/.miktex/texmfs/install/fonts/type1/public/amsfonts/cm/cmsy6.pfb></home/sean/.miktex/texmfs/install/fonts/type1/public/amsfonts/cm/cmsy8.pfb></home/sean/.miktex/texmfs/install/fonts/type1/public/amsfonts/cm/cmti12.pfb>
Output written on /home/sean/Documents/project/Senior/project_paper.pdf (17 pages, 1299065 bytes).
PDF statistics:
 274 PDF objects out of 1000 (max. 8388607)
 53 named destinations out of 1000 (max. 500000)
 170 words of extra memory for PDF output out of 10000 (max. 10000000)

